生成启动时间为 2016/10/8 19:42:01。
     1>项目“E:\workspace\vs2012\Flower_LLC2\Flower_LLC\Flower_LLC.vcxproj”在节点 2 上(Build 个目标)。
     1>ClCompile:
         D:\Program Files\Microsoft Visual Studio 11.0\VC\bin\CL.exe /c /ZI /nologo /W3 /WX- /Od /Oy- /D WIN32 /D _DEBUG /D _CONSOLE /D _UNICODE /D UNICODE /Gm /EHsc /RTC1 /MDd /GS /fp:precise /Zc:wchar_t /Zc:forScope /Fo"Debug\\" /Fd"Debug\vc110.pdb" /Gd /TP /analyze- /errorReport:prompt main_dsift_llc_svm.cpp dsift.cpp liblinear\linear.cpp liblinear\tron.cpp llc.cpp predict.cpp train.cpp utils.cpp vocabulary.cpp
         vocabulary.cpp
         utils.cpp
         train.cpp
     1>e:\workspace\vs2012\flower_llc2\flower_llc\train.cpp(352): warning C4996: 'fopen': This function or variable may be unsafe. Consider using fopen_s instead. To disable deprecation, use _CRT_SECURE_NO_WARNINGS. See online help for details.
                 d:\program files\microsoft visual studio 11.0\vc\include\stdio.h(218) : 参见“fopen”的声明
     1>e:\workspace\vs2012\flower_llc2\flower_llc\train.cpp(368): warning C4996: 'strtok': This function or variable may be unsafe. Consider using strtok_s instead. To disable deprecation, use _CRT_SECURE_NO_WARNINGS. See online help for details.
                 d:\program files\microsoft visual studio 11.0\vc\include\string.h(200) : 参见“strtok”的声明
     1>e:\workspace\vs2012\flower_llc2\flower_llc\train.cpp(373): warning C4996: 'strtok': This function or variable may be unsafe. Consider using strtok_s instead. To disable deprecation, use _CRT_SECURE_NO_WARNINGS. See online help for details.
                 d:\program files\microsoft visual studio 11.0\vc\include\string.h(200) : 参见“strtok”的声明
     1>e:\workspace\vs2012\flower_llc2\flower_llc\train.cpp(396): warning C4996: 'strtok': This function or variable may be unsafe. Consider using strtok_s instead. To disable deprecation, use _CRT_SECURE_NO_WARNINGS. See online help for details.
                 d:\program files\microsoft visual studio 11.0\vc\include\string.h(200) : 参见“strtok”的声明
     1>e:\workspace\vs2012\flower_llc2\flower_llc\train.cpp(406): warning C4996: 'strtok': This function or variable may be unsafe. Consider using strtok_s instead. To disable deprecation, use _CRT_SECURE_NO_WARNINGS. See online help for details.
                 d:\program files\microsoft visual studio 11.0\vc\include\string.h(200) : 参见“strtok”的声明
     1>e:\workspace\vs2012\flower_llc2\flower_llc\train.cpp(407): warning C4996: 'strtok': This function or variable may be unsafe. Consider using strtok_s instead. To disable deprecation, use _CRT_SECURE_NO_WARNINGS. See online help for details.
                 d:\program files\microsoft visual studio 11.0\vc\include\string.h(200) : 参见“strtok”的声明
         predict.cpp
     1>e:\workspace\vs2012\flower_llc2\flower_llc\predict.cpp(85): warning C4996: 'strtok': This function or variable may be unsafe. Consider using strtok_s instead. To disable deprecation, use _CRT_SECURE_NO_WARNINGS. See online help for details.
                 d:\program files\microsoft visual studio 11.0\vc\include\string.h(200) : 参见“strtok”的声明
     1>e:\workspace\vs2012\flower_llc2\flower_llc\predict.cpp(101): warning C4996: 'strtok': This function or variable may be unsafe. Consider using strtok_s instead. To disable deprecation, use _CRT_SECURE_NO_WARNINGS. See online help for details.
                 d:\program files\microsoft visual studio 11.0\vc\include\string.h(200) : 参见“strtok”的声明
     1>e:\workspace\vs2012\flower_llc2\flower_llc\predict.cpp(102): warning C4996: 'strtok': This function or variable may be unsafe. Consider using strtok_s instead. To disable deprecation, use _CRT_SECURE_NO_WARNINGS. See online help for details.
                 d:\program files\microsoft visual studio 11.0\vc\include\string.h(200) : 参见“strtok”的声明
     1>e:\workspace\vs2012\flower_llc2\flower_llc\predict.cpp(209): warning C4996: 'fopen': This function or variable may be unsafe. Consider using fopen_s instead. To disable deprecation, use _CRT_SECURE_NO_WARNINGS. See online help for details.
                 d:\program files\microsoft visual studio 11.0\vc\include\stdio.h(218) : 参见“fopen”的声明
     1>e:\workspace\vs2012\flower_llc2\flower_llc\predict.cpp(216): warning C4996: 'fopen': This function or variable may be unsafe. Consider using fopen_s instead. To disable deprecation, use _CRT_SECURE_NO_WARNINGS. See online help for details.
                 d:\program files\microsoft visual studio 11.0\vc\include\stdio.h(218) : 参见“fopen”的声明
         llc.cpp
     1>e:\workspace\vs2012\flower_llc2\flower_llc\llc.cpp(51): warning C4305: “初始化”: 从“double”到“float”截断
     1>e:\workspace\vs2012\flower_llc2\flower_llc\llc.cpp(86): warning C4244: “=”: 从“double”转换到“float”，可能丢失数据
     1>e:\workspace\vs2012\flower_llc2\flower_llc\llc.cpp(139): warning C4244: “+=”: 从“float”转换到“int”，可能丢失数据
     1>e:\workspace\vs2012\flower_llc2\flower_llc\llc.cpp(148): warning C4244: “初始化”: 从“float”转换到“int”，可能丢失数据
     1>e:\workspace\vs2012\flower_llc2\flower_llc\llc.cpp(213): warning C4551: 缺少参数列表的函数调用
         tron.cpp
     1>e:\workspace\vs2012\flower_llc2\flower_llc\liblinear\tron.cpp(40): warning C4996: 'vsprintf': This function or variable may be unsafe. Consider using vsprintf_s instead. To disable deprecation, use _CRT_SECURE_NO_WARNINGS. See online help for details.
                 d:\program files\microsoft visual studio 11.0\vc\include\stdio.h(357) : 参见“vsprintf”的声明
         linear.cpp
     1>e:\workspace\vs2012\flower_llc2\flower_llc\liblinear\linear.cpp(40): warning C4996: 'vsprintf': This function or variable may be unsafe. Consider using vsprintf_s instead. To disable deprecation, use _CRT_SECURE_NO_WARNINGS. See online help for details.
                 d:\program files\microsoft visual studio 11.0\vc\include\stdio.h(357) : 参见“vsprintf”的声明
     1>e:\workspace\vs2012\flower_llc2\flower_llc\liblinear\linear.cpp(2728): warning C4996: 'fopen': This function or variable may be unsafe. Consider using fopen_s instead. To disable deprecation, use _CRT_SECURE_NO_WARNINGS. See online help for details.
                 d:\program files\microsoft visual studio 11.0\vc\include\stdio.h(218) : 参见“fopen”的声明
     1>e:\workspace\vs2012\flower_llc2\flower_llc\liblinear\linear.cpp(2734): warning C4996: 'strdup': The POSIX name for this item is deprecated. Instead, use the ISO C++ conformant name: _strdup. See online help for details.
                 d:\program files\microsoft visual studio 11.0\vc\include\string.h(241) : 参见“strdup”的声明
     1>e:\workspace\vs2012\flower_llc2\flower_llc\liblinear\linear.cpp(2801): warning C4996: 'fopen': This function or variable may be unsafe. Consider using fopen_s instead. To disable deprecation, use _CRT_SECURE_NO_WARNINGS. See online help for details.
                 d:\program files\microsoft visual studio 11.0\vc\include\stdio.h(218) : 参见“fopen”的声明
     1>e:\workspace\vs2012\flower_llc2\flower_llc\liblinear\linear.cpp(2817): warning C4996: 'strdup': The POSIX name for this item is deprecated. Instead, use the ISO C++ conformant name: _strdup. See online help for details.
                 d:\program files\microsoft visual studio 11.0\vc\include\string.h(241) : 参见“strdup”的声明
     1>e:\workspace\vs2012\flower_llc2\flower_llc\liblinear\linear.cpp(2824): warning C4996: 'fscanf': This function or variable may be unsafe. Consider using fscanf_s instead. To disable deprecation, use _CRT_SECURE_NO_WARNINGS. See online help for details.
                 d:\program files\microsoft visual studio 11.0\vc\include\stdio.h(237) : 参见“fscanf”的声明
     1>e:\workspace\vs2012\flower_llc2\flower_llc\liblinear\linear.cpp(2827): warning C4996: 'fscanf': This function or variable may be unsafe. Consider using fscanf_s instead. To disable deprecation, use _CRT_SECURE_NO_WARNINGS. See online help for details.
                 d:\program files\microsoft visual studio 11.0\vc\include\stdio.h(237) : 参见“fscanf”的声明
     1>e:\workspace\vs2012\flower_llc2\flower_llc\liblinear\linear.cpp(2845): warning C4996: 'fscanf': This function or variable may be unsafe. Consider using fscanf_s instead. To disable deprecation, use _CRT_SECURE_NO_WARNINGS. See online help for details.
                 d:\program files\microsoft visual studio 11.0\vc\include\stdio.h(237) : 参见“fscanf”的声明
     1>e:\workspace\vs2012\flower_llc2\flower_llc\liblinear\linear.cpp(2850): warning C4996: 'fscanf': This function or variable may be unsafe. Consider using fscanf_s instead. To disable deprecation, use _CRT_SECURE_NO_WARNINGS. See online help for details.
                 d:\program files\microsoft visual studio 11.0\vc\include\stdio.h(237) : 参见“fscanf”的声明
     1>e:\workspace\vs2012\flower_llc2\flower_llc\liblinear\linear.cpp(2855): warning C4996: 'fscanf': This function or variable may be unsafe. Consider using fscanf_s instead. To disable deprecation, use _CRT_SECURE_NO_WARNINGS. See online help for details.
                 d:\program files\microsoft visual studio 11.0\vc\include\stdio.h(237) : 参见“fscanf”的声明
     1>e:\workspace\vs2012\flower_llc2\flower_llc\liblinear\linear.cpp(2867): warning C4996: 'fscanf': This function or variable may be unsafe. Consider using fscanf_s instead. To disable deprecation, use _CRT_SECURE_NO_WARNINGS. See online help for details.
                 d:\program files\microsoft visual studio 11.0\vc\include\stdio.h(237) : 参见“fscanf”的声明
     1>e:\workspace\vs2012\flower_llc2\flower_llc\liblinear\linear.cpp(2893): warning C4996: 'fscanf': This function or variable may be unsafe. Consider using fscanf_s instead. To disable deprecation, use _CRT_SECURE_NO_WARNINGS. See online help for details.
                 d:\program files\microsoft visual studio 11.0\vc\include\stdio.h(237) : 参见“fscanf”的声明
     1>e:\workspace\vs2012\flower_llc2\flower_llc\liblinear\linear.cpp(2894): warning C4996: 'fscanf': This function or variable may be unsafe. Consider using fscanf_s instead. To disable deprecation, use _CRT_SECURE_NO_WARNINGS. See online help for details.
                 d:\program files\microsoft visual studio 11.0\vc\include\stdio.h(237) : 参见“fscanf”的声明
         dsift.cpp
     1>e:\workspace\vs2012\flower_llc2\flower_llc\dsift.cpp(60): warning C4244: “参数”: 从“double”转换到“int”，可能丢失数据
     1>e:\workspace\vs2012\flower_llc2\flower_llc\dsift.cpp(74): warning C4244: “初始化”: 从“double”转换到“int”，可能丢失数据
     1>e:\workspace\vs2012\flower_llc2\flower_llc\dsift.cpp(76): warning C4244: “初始化”: 从“double”转换到“int”，可能丢失数据
     1>e:\workspace\vs2012\flower_llc2\flower_llc\dsift.cpp(93): warning C4244: “=”: 从“double”转换到“float”，可能丢失数据
     1>e:\workspace\vs2012\flower_llc2\flower_llc\dsift.cpp(101): warning C4244: “=”: 从“double”转换到“float”，可能丢失数据
         main_dsift_llc_svm.cpp
         正在生成代码...
         D:\Program Files\Microsoft Visual Studio 11.0\VC\bin\CL.exe /c /ZI /nologo /W3 /WX- /Od /Oy- /D WIN32 /D _DEBUG /D _CONSOLE /D _UNICODE /D UNICODE /Gm /EHsc /RTC1 /MDd /GS /fp:precise /Zc:wchar_t /Zc:forScope /Fo"Debug\\" /Fd"Debug\vc110.pdb" /Gd /TC /analyze- /errorReport:prompt liblinear\blas\daxpy.c liblinear\blas\ddot.c liblinear\blas\dnrm2.c liblinear\blas\dscal.c
         dscal.c
         dnrm2.c
         ddot.c
         daxpy.c
         正在生成代码...
       Link:
         D:\Program Files\Microsoft Visual Studio 11.0\VC\bin\link.exe /ERRORREPORT:PROMPT /OUT:"E:\workspace\vs2012\Flower_LLC2\Debug\Flower_LLC.exe" /INCREMENTAL /NOLOGO /LIBPATH:"D:\Program Files\vlfeat\bin\win32" opencv_core249d.lib opencv_imgproc249d.lib opencv_highgui249d.lib opencv_ml249d.lib opencv_video249d.lib opencv_features2d249d.lib opencv_calib3d249d.lib opencv_objdetect249d.lib opencv_contrib249d.lib opencv_legacy249d.lib opencv_flann249d.lib opencv_nonfree249d.lib vl.lib kernel32.lib user32.lib gdi32.lib winspool.lib comdlg32.lib advapi32.lib shell32.lib ole32.lib oleaut32.lib uuid.lib odbc32.lib odbccp32.lib /MANIFEST /MANIFESTUAC:"level='asInvoker' uiAccess='false'" /manifest:embed /DEBUG /PDB:"E:\workspace\vs2012\Flower_LLC2\Debug\Flower_LLC.pdb" /SUBSYSTEM:CONSOLE /TLBID:1 /DYNAMICBASE /NXCOMPAT /IMPLIB:"E:\workspace\vs2012\Flower_LLC2\Debug\Flower_LLC.lib" /MACHINE:X86 Debug\main_dsift_llc_svm.obj
         Debug\dsift.obj
         Debug\daxpy.obj
         Debug\ddot.obj
         Debug\dnrm2.obj
         Debug\dscal.obj
         Debug\linear.obj
         Debug\tron.obj
         Debug\llc.obj
         Debug\predict.obj
         Debug\train.obj
         Debug\utils.obj
         Debug\vocabulary.obj
         LINK : 没有找到 E:\workspace\vs2012\Flower_LLC2\Debug\Flower_LLC.exe 或上一个增量链接没有生成它；正在执行完全链接
         Flower_LLC.vcxproj -> E:\workspace\vs2012\Flower_LLC2\Debug\Flower_LLC.exe
     1>已完成生成项目“E:\workspace\vs2012\Flower_LLC2\Flower_LLC\Flower_LLC.vcxproj”(Build 个目标)的操作。

生成成功。

已用时间 00:00:25.48
