生成启动时间为 2016/10/7 18:00:58。
     1>项目“F:\workspace\vs2012\Flower_LLC\Flower_LLC\Flower_LLC.vcxproj”在节点 2 上(Build 个目标)。
     1>ClCompile:
         D:\Program Files (x86)\Microsoft Visual Studio 11.0\VC\bin\x86_amd64\CL.exe /c /I"D:\Program Files\MATLAB\R2013a\extern\include\win64" /I"D:\Program Files\MATLAB\R2013a\extern\include" /Zi /nologo /W3 /WX- /Od /D WIN32 /D _DEBUG /D _CONSOLE /D _UNICODE /D UNICODE /Gm /EHsc /RTC1 /MDd /GS /fp:precise /Zc:wchar_t /Zc:forScope /Fo"x64\Debug\\" /Fd"x64\Debug\vc110.pdb" /Gd /TP /errorReport:prompt main_dsift_llc_svm.cpp
         main_dsift_llc_svm.cpp
       Link:
         D:\Program Files (x86)\Microsoft Visual Studio 11.0\VC\bin\x86_amd64\link.exe /ERRORREPORT:PROMPT /OUT:"F:\workspace\vs2012\Flower_LLC\x64\Debug\Flower_LLC.exe" /INCREMENTAL /NOLOGO /LIBPATH:"D:\Program Files\MATLAB\R2013a\extern\lib\win64\microsoft" /LIBPATH:"D:\Program Files\MATLAB\R2013a\extern\lib\win32\microsoft" /LIBPATH:"D:\Program Files\vlfeat\bin\win64" opencv_core249d.lib opencv_imgproc249d.lib opencv_highgui249d.lib opencv_ml249d.lib opencv_video249d.lib opencv_features2d249d.lib opencv_calib3d249d.lib opencv_objdetect249d.lib opencv_contrib249d.lib opencv_legacy249d.lib opencv_flann249d.lib opencv_nonfree249d.lib vl.lib libmat.lib libmx.lib libmex.lib libeng.lib kernel32.lib user32.lib gdi32.lib winspool.lib comdlg32.lib advapi32.lib shell32.lib ole32.lib oleaut32.lib uuid.lib odbc32.lib odbccp32.lib /MANIFEST /MANIFESTUAC:"level='asInvoker' uiAccess='false'" /manifest:embed /DEBUG /PDB:"F:\workspace\vs2012\Flower_LLC\x64\Debug\Flower_LLC.pdb" /SUBSYSTEM:CONSOLE /TLBID:1 /DYNAMICBASE /NXCOMPAT /IMPLIB:"F:\workspace\vs2012\Flower_LLC\x64\Debug\Flower_LLC.lib" /MACHINE:X64 x64\Debug\main_dsift_llc_svm.obj
         x64\Debug\dsift.obj
         x64\Debug\daxpy.obj
         x64\Debug\ddot.obj
         x64\Debug\dnrm2.obj
         x64\Debug\dscal.obj
         x64\Debug\linear.obj
         x64\Debug\tron.obj
         x64\Debug\llc.obj
         x64\Debug\predict.obj
         x64\Debug\train.obj
         x64\Debug\utils.obj
         x64\Debug\vocabulary.obj
         Flower_LLC.vcxproj -> F:\workspace\vs2012\Flower_LLC\x64\Debug\Flower_LLC.exe
     1>已完成生成项目“F:\workspace\vs2012\Flower_LLC\Flower_LLC\Flower_LLC.vcxproj”(Build 个目标)的操作。

生成成功。

已用时间 00:00:04.11
